0 info it worked if it ends with ok
1 verbose cli [ 'C:\\Program Files\\nodejs\\node.exe',
1 verbose cli   'C:\\Program Files\\nodejs\\node_modules\\npm\\bin\\npm-cli.js',
1 verbose cli   'install',
1 verbose cli   '-g',
1 verbose cli   'express-generator' ]
2 info using npm@3.10.10
3 info using node@v6.10.3
4 silly loadCurrentTree Starting
5 silly install loadCurrentTree
6 silly install readGlobalPackageData
7 silly fetchPackageMetaData express-generator
8 silly fetchNamedPackageData express-generator
9 silly mapToRegistry name express-generator
10 silly mapToRegistry using default registry
11 silly mapToRegistry registry https://registry.npmjs.org/
12 silly mapToRegistry data Result {
12 silly mapToRegistry   raw: 'express-generator',
12 silly mapToRegistry   scope: null,
12 silly mapToRegistry   escapedName: 'express-generator',
12 silly mapToRegistry   name: 'express-generator',
12 silly mapToRegistry   rawSpec: '',
12 silly mapToRegistry   spec: 'latest',
12 silly mapToRegistry   type: 'tag' }
13 silly mapToRegistry uri https://registry.npmjs.org/express-generator
14 verbose get https://registry.npmjs.org/express-generator not expired, no request
15 silly install normalizeTree
16 silly loadCurrentTree Finishing
17 silly loadIdealTree Starting
18 silly install loadIdealTree
19 silly cloneCurrentTree Starting
20 silly install cloneCurrentTreeToIdealTree
21 silly cloneCurrentTree Finishing
22 silly loadShrinkwrap Starting
23 silly install loadShrinkwrap
24 silly loadShrinkwrap Finishing
25 silly loadAllDepsIntoIdealTree Starting
26 silly install loadAllDepsIntoIdealTree
27 silly resolveWithNewModule express-generator@4.15.0 checking installable status
28 silly cache add args [ 'express-generator', null ]
29 verbose cache add spec express-generator
30 silly cache add parsed spec Result {
30 silly cache add   raw: 'express-generator',
30 silly cache add   scope: null,
30 silly cache add   escapedName: 'express-generator',
30 silly cache add   name: 'express-generator',
30 silly cache add   rawSpec: '',
30 silly cache add   spec: 'latest',
30 silly cache add   type: 'tag' }
31 silly addNamed express-generator@latest
32 verbose addNamed "latest" is being treated as a dist-tag for express-generator
33 info addNameTag [ 'express-generator', 'latest' ]
34 silly mapToRegistry name express-generator
35 silly mapToRegistry using default registry
36 silly mapToRegistry registry https://registry.npmjs.org/
37 silly mapToRegistry data Result {
37 silly mapToRegistry   raw: 'express-generator',
37 silly mapToRegistry   scope: null,
37 silly mapToRegistry   escapedName: 'express-generator',
37 silly mapToRegistry   name: 'express-generator',
37 silly mapToRegistry   rawSpec: '',
37 silly mapToRegistry   spec: 'latest',
37 silly mapToRegistry   type: 'tag' }
38 silly mapToRegistry uri https://registry.npmjs.org/express-generator
39 verbose addNameTag registry:https://registry.npmjs.org/express-generator not in flight; fetching
40 verbose get https://registry.npmjs.org/express-generator not expired, no request
41 silly addNameTag next cb for express-generator with tag latest
42 silly addNamed express-generator@4.15.0
43 verbose addNamed "4.15.0" is a plain semver version for express-generator
44 silly cache afterAdd express-generator@4.15.0
45 verbose afterAdd C:\Users\cyb\AppData\Roaming\npm-cache\express-generator\4.15.0\package\package.json not in flight; writing
46 verbose correctMkdir C:\Users\cyb\AppData\Roaming\npm-cache correctMkdir not in flight; initializing
47 verbose afterAdd C:\Users\cyb\AppData\Roaming\npm-cache\express-generator\4.15.0\package\package.json written
48 silly fetchNamedPackageData commander
49 silly mapToRegistry name commander
50 silly mapToRegistry using default registry
51 silly mapToRegistry registry https://registry.npmjs.org/
52 silly mapToRegistry data Result {
52 silly mapToRegistry   raw: 'commander',
52 silly mapToRegistry   scope: null,
52 silly mapToRegistry   escapedName: 'commander',
52 silly mapToRegistry   name: 'commander',
52 silly mapToRegistry   rawSpec: '',
52 silly mapToRegistry   spec: 'latest',
52 silly mapToRegistry   type: 'tag' }
53 silly mapToRegistry uri https://registry.npmjs.org/commander
54 silly fetchNamedPackageData ejs
55 silly mapToRegistry name ejs
56 silly mapToRegistry using default registry
57 silly mapToRegistry registry https://registry.npmjs.org/
58 silly mapToRegistry data Result {
58 silly mapToRegistry   raw: 'ejs',
58 silly mapToRegistry   scope: null,
58 silly mapToRegistry   escapedName: 'ejs',
58 silly mapToRegistry   name: 'ejs',
58 silly mapToRegistry   rawSpec: '',
58 silly mapToRegistry   spec: 'latest',
58 silly mapToRegistry   type: 'tag' }
59 silly mapToRegistry uri https://registry.npmjs.org/ejs
60 silly fetchNamedPackageData mkdirp
61 silly mapToRegistry name mkdirp
62 silly mapToRegistry using default registry
63 silly mapToRegistry registry https://registry.npmjs.org/
64 silly mapToRegistry data Result {
64 silly mapToRegistry   raw: 'mkdirp',
64 silly mapToRegistry   scope: null,
64 silly mapToRegistry   escapedName: 'mkdirp',
64 silly mapToRegistry   name: 'mkdirp',
64 silly mapToRegistry   rawSpec: '',
64 silly mapToRegistry   spec: 'latest',
64 silly mapToRegistry   type: 'tag' }
65 silly mapToRegistry uri https://registry.npmjs.org/mkdirp
66 silly fetchNamedPackageData sorted-object
67 silly mapToRegistry name sorted-object
68 silly mapToRegistry using default registry
69 silly mapToRegistry registry https://registry.npmjs.org/
70 silly mapToRegistry data Result {
70 silly mapToRegistry   raw: 'sorted-object',
70 silly mapToRegistry   scope: null,
70 silly mapToRegistry   escapedName: 'sorted-object',
70 silly mapToRegistry   name: 'sorted-object',
70 silly mapToRegistry   rawSpec: '',
70 silly mapToRegistry   spec: 'latest',
70 silly mapToRegistry   type: 'tag' }
71 silly mapToRegistry uri https://registry.npmjs.org/sorted-object
72 verbose get https://registry.npmjs.org/sorted-object not expired, no request
73 silly resolveWithNewModule sorted-object@2.0.1 checking installable status
74 silly cache add args [ 'sorted-object@2.0.1', null ]
75 verbose cache add spec sorted-object@2.0.1
76 silly cache add parsed spec Result {
76 silly cache add   raw: 'sorted-object@2.0.1',
76 silly cache add   scope: null,
76 silly cache add   escapedName: 'sorted-object',
76 silly cache add   name: 'sorted-object',
76 silly cache add   rawSpec: '2.0.1',
76 silly cache add   spec: '2.0.1',
76 silly cache add   type: 'version' }
77 silly addNamed sorted-object@2.0.1
78 verbose addNamed "2.0.1" is a plain semver version for sorted-object
79 silly mapToRegistry name sorted-object
80 silly mapToRegistry using default registry
81 silly mapToRegistry registry https://registry.npmjs.org/
82 silly mapToRegistry data Result {
82 silly mapToRegistry   raw: 'sorted-object',
82 silly mapToRegistry   scope: null,
82 silly mapToRegistry   escapedName: 'sorted-object',
82 silly mapToRegistry   name: 'sorted-object',
82 silly mapToRegistry   rawSpec: '',
82 silly mapToRegistry   spec: 'latest',
82 silly mapToRegistry   type: 'tag' }
83 silly mapToRegistry uri https://registry.npmjs.org/sorted-object
84 verbose addNameVersion registry:https://registry.npmjs.org/sorted-object not in flight; fetching
85 verbose get https://registry.npmjs.org/mkdirp not expired, no request
86 silly resolveWithNewModule mkdirp@0.5.1 checking installable status
87 silly cache add args [ 'mkdirp@0.5.1', null ]
88 verbose cache add spec mkdirp@0.5.1
89 silly cache add parsed spec Result {
89 silly cache add   raw: 'mkdirp@0.5.1',
89 silly cache add   scope: null,
89 silly cache add   escapedName: 'mkdirp',
89 silly cache add   name: 'mkdirp',
89 silly cache add   rawSpec: '0.5.1',
89 silly cache add   spec: '0.5.1',
89 silly cache add   type: 'version' }
90 silly addNamed mkdirp@0.5.1
91 verbose addNamed "0.5.1" is a plain semver version for mkdirp
92 silly mapToRegistry name mkdirp
93 silly mapToRegistry using default registry
94 silly mapToRegistry registry https://registry.npmjs.org/
95 silly mapToRegistry data Result {
95 silly mapToRegistry   raw: 'mkdirp',
95 silly mapToRegistry   scope: null,
95 silly mapToRegistry   escapedName: 'mkdirp',
95 silly mapToRegistry   name: 'mkdirp',
95 silly mapToRegistry   rawSpec: '',
95 silly mapToRegistry   spec: 'latest',
95 silly mapToRegistry   type: 'tag' }
96 silly mapToRegistry uri https://registry.npmjs.org/mkdirp
97 verbose addNameVersion registry:https://registry.npmjs.org/mkdirp not in flight; fetching
98 verbose get https://registry.npmjs.org/commander not expired, no request
99 silly resolveWithNewModule commander@2.9.0 checking installable status
100 silly cache add args [ 'commander@2.9.0', null ]
101 verbose cache add spec commander@2.9.0
102 silly cache add parsed spec Result {
102 silly cache add   raw: 'commander@2.9.0',
102 silly cache add   scope: null,
102 silly cache add   escapedName: 'commander',
102 silly cache add   name: 'commander',
102 silly cache add   rawSpec: '2.9.0',
102 silly cache add   spec: '2.9.0',
102 silly cache add   type: 'version' }
103 silly addNamed commander@2.9.0
104 verbose addNamed "2.9.0" is a plain semver version for commander
105 silly mapToRegistry name commander
106 silly mapToRegistry using default registry
107 silly mapToRegistry registry https://registry.npmjs.org/
108 silly mapToRegistry data Result {
108 silly mapToRegistry   raw: 'commander',
108 silly mapToRegistry   scope: null,
108 silly mapToRegistry   escapedName: 'commander',
108 silly mapToRegistry   name: 'commander',
108 silly mapToRegistry   rawSpec: '',
108 silly mapToRegistry   spec: 'latest',
108 silly mapToRegistry   type: 'tag' }
109 silly mapToRegistry uri https://registry.npmjs.org/commander
110 verbose addNameVersion registry:https://registry.npmjs.org/commander not in flight; fetching
111 verbose get https://registry.npmjs.org/ejs not expired, no request
112 silly resolveWithNewModule ejs@2.5.6 checking installable status
113 silly cache add args [ 'ejs@2.5.6', null ]
114 verbose cache add spec ejs@2.5.6
115 silly cache add parsed spec Result {
115 silly cache add   raw: 'ejs@2.5.6',
115 silly cache add   scope: null,
115 silly cache add   escapedName: 'ejs',
115 silly cache add   name: 'ejs',
115 silly cache add   rawSpec: '2.5.6',
115 silly cache add   spec: '2.5.6',
115 silly cache add   type: 'version' }
116 silly addNamed ejs@2.5.6
117 verbose addNamed "2.5.6" is a plain semver version for ejs
118 silly mapToRegistry name ejs
119 silly mapToRegistry using default registry
120 silly mapToRegistry registry https://registry.npmjs.org/
121 silly mapToRegistry data Result {
121 silly mapToRegistry   raw: 'ejs',
121 silly mapToRegistry   scope: null,
121 silly mapToRegistry   escapedName: 'ejs',
121 silly mapToRegistry   name: 'ejs',
121 silly mapToRegistry   rawSpec: '',
121 silly mapToRegistry   spec: 'latest',
121 silly mapToRegistry   type: 'tag' }
122 silly mapToRegistry uri https://registry.npmjs.org/ejs
123 verbose addNameVersion registry:https://registry.npmjs.org/ejs not in flight; fetching
124 verbose get https://registry.npmjs.org/sorted-object not expired, no request
125 verbose get https://registry.npmjs.org/mkdirp not expired, no request
126 verbose get https://registry.npmjs.org/commander not expired, no request
127 verbose get https://registry.npmjs.org/ejs not expired, no request
128 silly cache afterAdd sorted-object@2.0.1
129 verbose afterAdd C:\Users\cyb\AppData\Roaming\npm-cache\sorted-object\2.0.1\package\package.json not in flight; writing
130 verbose correctMkdir C:\Users\cyb\AppData\Roaming\npm-cache correctMkdir not in flight; initializing
131 silly cache afterAdd mkdirp@0.5.1
132 verbose afterAdd C:\Users\cyb\AppData\Roaming\npm-cache\mkdirp\0.5.1\package\package.json not in flight; writing
133 verbose correctMkdir C:\Users\cyb\AppData\Roaming\npm-cache correctMkdir not in flight; initializing
134 silly cache afterAdd commander@2.9.0
135 verbose afterAdd C:\Users\cyb\AppData\Roaming\npm-cache\commander\2.9.0\package\package.json not in flight; writing
136 verbose correctMkdir C:\Users\cyb\AppData\Roaming\npm-cache correctMkdir not in flight; initializing
137 silly cache afterAdd ejs@2.5.6
138 verbose afterAdd C:\Users\cyb\AppData\Roaming\npm-cache\ejs\2.5.6\package\package.json not in flight; writing
139 verbose correctMkdir C:\Users\cyb\AppData\Roaming\npm-cache correctMkdir not in flight; initializing
140 verbose afterAdd C:\Users\cyb\AppData\Roaming\npm-cache\sorted-object\2.0.1\package\package.json written
141 verbose afterAdd C:\Users\cyb\AppData\Roaming\npm-cache\commander\2.9.0\package\package.json written
142 verbose afterAdd C:\Users\cyb\AppData\Roaming\npm-cache\mkdirp\0.5.1\package\package.json written
143 verbose afterAdd C:\Users\cyb\AppData\Roaming\npm-cache\ejs\2.5.6\package\package.json written
144 silly fetchNamedPackageData graceful-readlink
145 silly mapToRegistry name graceful-readlink
146 silly mapToRegistry using default registry
147 silly mapToRegistry registry https://registry.npmjs.org/
148 silly mapToRegistry data Result {
148 silly mapToRegistry   raw: 'graceful-readlink',
148 silly mapToRegistry   scope: null,
148 silly mapToRegistry   escapedName: 'graceful-readlink',
148 silly mapToRegistry   name: 'graceful-readlink',
148 silly mapToRegistry   rawSpec: '',
148 silly mapToRegistry   spec: 'latest',
148 silly mapToRegistry   type: 'tag' }
149 silly mapToRegistry uri https://registry.npmjs.org/graceful-readlink
150 verbose get https://registry.npmjs.org/graceful-readlink not expired, no request
151 silly resolveWithNewModule graceful-readlink@1.0.1 checking installable status
152 silly cache add args [ 'graceful-readlink@>= 1.0.0', null ]
153 verbose cache add spec graceful-readlink@>= 1.0.0
154 silly cache add parsed spec Result {
154 silly cache add   raw: 'graceful-readlink@>= 1.0.0',
154 silly cache add   scope: null,
154 silly cache add   escapedName: 'graceful-readlink',
154 silly cache add   name: 'graceful-readlink',
154 silly cache add   rawSpec: '>= 1.0.0',
154 silly cache add   spec: '>=1.0.0',
154 silly cache add   type: 'range' }
155 silly addNamed graceful-readlink@>=1.0.0
156 verbose addNamed ">=1.0.0" is a valid semver range for graceful-readlink
157 silly addNameRange { name: 'graceful-readlink', range: '>=1.0.0', hasData: false }
158 silly mapToRegistry name graceful-readlink
159 silly mapToRegistry using default registry
160 silly mapToRegistry registry https://registry.npmjs.org/
161 silly mapToRegistry data Result {
161 silly mapToRegistry   raw: 'graceful-readlink',
161 silly mapToRegistry   scope: null,
161 silly mapToRegistry   escapedName: 'graceful-readlink',
161 silly mapToRegistry   name: 'graceful-readlink',
161 silly mapToRegistry   rawSpec: '',
161 silly mapToRegistry   spec: 'latest',
161 silly mapToRegistry   type: 'tag' }
162 silly mapToRegistry uri https://registry.npmjs.org/graceful-readlink
163 verbose addNameRange registry:https://registry.npmjs.org/graceful-readlink not in flight; fetching
164 verbose get https://registry.npmjs.org/graceful-readlink not expired, no request
165 silly addNameRange number 2 { name: 'graceful-readlink', range: '>=1.0.0', hasData: true }
166 silly addNameRange versions [ 'graceful-readlink', [ '1.0.0', '1.0.1' ] ]
167 silly addNamed graceful-readlink@1.0.1
168 verbose addNamed "1.0.1" is a plain semver version for graceful-readlink
169 silly cache afterAdd graceful-readlink@1.0.1
170 verbose afterAdd C:\Users\cyb\AppData\Roaming\npm-cache\graceful-readlink\1.0.1\package\package.json not in flight; writing
171 verbose correctMkdir C:\Users\cyb\AppData\Roaming\npm-cache correctMkdir not in flight; initializing
172 verbose afterAdd C:\Users\cyb\AppData\Roaming\npm-cache\graceful-readlink\1.0.1\package\package.json written
173 silly fetchNamedPackageData minimist
174 silly mapToRegistry name minimist
175 silly mapToRegistry using default registry
176 silly mapToRegistry registry https://registry.npmjs.org/
177 silly mapToRegistry data Result {
177 silly mapToRegistry   raw: 'minimist',
177 silly mapToRegistry   scope: null,
177 silly mapToRegistry   escapedName: 'minimist',
177 silly mapToRegistry   name: 'minimist',
177 silly mapToRegistry   rawSpec: '',
177 silly mapToRegistry   spec: 'latest',
177 silly mapToRegistry   type: 'tag' }
178 silly mapToRegistry uri https://registry.npmjs.org/minimist
179 verbose get https://registry.npmjs.org/minimist not expired, no request
180 silly resolveWithNewModule minimist@0.0.8 checking installable status
181 silly cache add args [ 'minimist@0.0.8', null ]
182 verbose cache add spec minimist@0.0.8
183 silly cache add parsed spec Result {
183 silly cache add   raw: 'minimist@0.0.8',
183 silly cache add   scope: null,
183 silly cache add   escapedName: 'minimist',
183 silly cache add   name: 'minimist',
183 silly cache add   rawSpec: '0.0.8',
183 silly cache add   spec: '0.0.8',
183 silly cache add   type: 'version' }
184 silly addNamed minimist@0.0.8
185 verbose addNamed "0.0.8" is a plain semver version for minimist
186 silly mapToRegistry name minimist
187 silly mapToRegistry using default registry
188 silly mapToRegistry registry https://registry.npmjs.org/
189 silly mapToRegistry data Result {
189 silly mapToRegistry   raw: 'minimist',
189 silly mapToRegistry   scope: null,
189 silly mapToRegistry   escapedName: 'minimist',
189 silly mapToRegistry   name: 'minimist',
189 silly mapToRegistry   rawSpec: '',
189 silly mapToRegistry   spec: 'latest',
189 silly mapToRegistry   type: 'tag' }
190 silly mapToRegistry uri https://registry.npmjs.org/minimist
191 verbose addNameVersion registry:https://registry.npmjs.org/minimist not in flight; fetching
192 verbose get https://registry.npmjs.org/minimist not expired, no request
193 silly cache afterAdd minimist@0.0.8
194 verbose afterAdd C:\Users\cyb\AppData\Roaming\npm-cache\minimist\0.0.8\package\package.json not in flight; writing
195 verbose correctMkdir C:\Users\cyb\AppData\Roaming\npm-cache correctMkdir not in flight; initializing
196 verbose afterAdd C:\Users\cyb\AppData\Roaming\npm-cache\minimist\0.0.8\package\package.json written
197 silly loadAllDepsIntoIdealTree Finishing
198 silly loadIdealTree Finishing
199 silly currentTree node_global
199 silly currentTree `-- express-generator@4.15.0
199 silly currentTree   +-- commander@2.9.0
199 silly currentTree   +-- ejs@2.5.6
199 silly currentTree   +-- graceful-readlink@1.0.1
199 silly currentTree   +-- minimist@0.0.8
199 silly currentTree   +-- mkdirp@0.5.1
199 silly currentTree   `-- sorted-object@2.0.1
200 silly idealTree node_global
200 silly idealTree `-- express-generator@4.15.0
200 silly idealTree   +-- commander@2.9.0
200 silly idealTree   +-- ejs@2.5.6
200 silly idealTree   +-- graceful-readlink@1.0.1
200 silly idealTree   +-- minimist@0.0.8
200 silly idealTree   +-- mkdirp@0.5.1
200 silly idealTree   `-- sorted-object@2.0.1
201 silly generateActionsToTake Starting
202 silly install generateActionsToTake
203 silly generateActionsToTake Finishing
204 silly diffTrees action count 1
205 silly diffTrees update express-generator@4.15.0
206 silly decomposeActions action count 9
207 silly decomposeActions remove express-generator@4.15.0
208 silly decomposeActions fetch express-generator@4.15.0
209 silly decomposeActions extract express-generator@4.15.0
210 silly decomposeActions test express-generator@4.15.0
211 silly decomposeActions preinstall express-generator@4.15.0
212 silly decomposeActions build express-generator@4.15.0
213 silly decomposeActions install express-generator@4.15.0
214 silly decomposeActions postinstall express-generator@4.15.0
215 silly decomposeActions finalize express-generator@4.15.0
216 silly runTopLevelLifecycles Starting
217 silly executeActions Starting
218 silly install executeActions
219 silly doSerial global-install 0
220 silly doParallel fetch 1
221 verbose correctMkdir C:\Users\cyb\AppData\Roaming\npm-cache\_locks correctMkdir not in flight; initializing
222 verbose lock using C:\Users\cyb\AppData\Roaming\npm-cache\_locks\staging-889aff6a2bf45899.lock for c:\Program Files\nodejs\node_global\node_modules\.staging
223 verbose unlock done using C:\Users\cyb\AppData\Roaming\npm-cache\_locks\staging-889aff6a2bf45899.lock for c:\Program Files\nodejs\node_global\node_modules\.staging
224 silly rollbackFailedOptional Starting
225 silly rollbackFailedOptional Finishing
226 silly runTopLevelLifecycles Finishing
227 silly install printInstalled
228 verbose stack Error: EPERM: operation not permitted, mkdir 'c:\Program Files\nodejs\node_global\node_modules\.staging'
228 verbose stack     at Error (native)
229 verbose cwd E:\dome\ES6dome
230 error Windows_NT 10.0.15063
231 error argv "C:\\Program Files\\nodejs\\node.exe" "C:\\Program Files\\nodejs\\node_modules\\npm\\bin\\npm-cli.js" "install" "-g" "express-generator"
232 error node v6.10.3
233 error npm  v3.10.10
234 error path c:\Program Files\nodejs\node_global\node_modules\.staging
235 error code EPERM
236 error errno -4048
237 error syscall mkdir
238 error Error: EPERM: operation not permitted, mkdir 'c:\Program Files\nodejs\node_global\node_modules\.staging'
238 error     at Error (native)
238 error  { Error: EPERM: operation not permitted, mkdir 'c:\Program Files\nodejs\node_global\node_modules\.staging'
238 error     at Error (native)
238 error   errno: -4048,
238 error   code: 'EPERM',
238 error   syscall: 'mkdir',
238 error   path: 'c:\\Program Files\\nodejs\\node_global\\node_modules\\.staging' }
239 error Please try running this command again as root/Administrator.
240 verbose exit [ -4048, true ]
